#
# There is insufficient memory for the Java Runtime Environment to continue.
# Native memory allocation (mmap) failed to map 266338304 bytes for Failed to commit area from 0x0000000703800000 to 0x0000000713600000 of length 266338304.
# Possible reasons:
#   The system is out of physical RAM or swap space
#   The process is running with CompressedOops enabled, and the Java Heap may be blocking the growth of the native heap
# Possible solutions:
#   Reduce memory load on the system
#   Increase physical memory or swap space
#   Check if swap backing store is full
#   Decrease Java heap size (-Xmx/-Xms)
#   Decrease number of Java threads
#   Decrease Java thread stack sizes (-Xss)
#   Set larger code cache with -XX:ReservedCodeCacheSize=
# This output file may be truncated or incomplete.
#
#  Out of Memory Error (./src/hotspot/os/windows/os_windows.cpp:3301), pid=14700, tid=10872
#
# JRE version:  (11.0.10) (build )
# Java VM: OpenJDK 64-Bit Server VM (11.0.10+0-b96-7249189, mixed mode, sharing, tiered, compressed oops, g1 gc, windows-amd64)
# No core dump will be written. Minidumps are not enabled by default on client versions of Windows
#

---------------  S U M M A R Y ------------

Command Line: org.jetbrains.git4idea.http.GitAskPassApp Username for 'https://github.com': 

Host: Intel(R) Core(TM) i5-9300H CPU @ 2.40GHz, 8 cores, 15G,  Windows 10 , 64 bit Build 19041 (10.0.19041.1348)
Time: Sat Jan  8 13:41:19 2022 中国标准时间 elapsed time: 0.046808 seconds (0d 0h 0m 0s)

---------------  T H R E A D  ---------------

Current thread (0x000001e115bfa000):  JavaThread "Unknown thread" [_thread_in_vm, id=10872, stack(0x0000008757400000,0x0000008757500000)]

Stack: [0x0000008757400000,0x0000008757500000]
Native frames: (J=compiled Java code, j=interpreted, Vv=VM code, C=native code)
V  [jvm.dll+0x5ecfaa]
V  [jvm.dll+0x722bd5]
V  [jvm.dll+0x72412d]
V  [jvm.dll+0x7247e3]
V  [jvm.dll+0x242928]
V  [jvm.dll+0x5ea374]
V  [jvm.dll+0x5df425]
V  [jvm.dll+0x2fdebb]
V  [jvm.dll+0x2fde2a]
V  [jvm.dll+0x2fdd02]
V  [jvm.dll+0x302bf6]
V  [jvm.dll+0x34b2a3]
V  [jvm.dll+0x34b9a6]
V  [jvm.dll+0x34b3a3]
V  [jvm.dll+0x2d8888]
V  [jvm.dll+0x2d9a37]
V  [jvm.dll+0x701737]
V  [jvm.dll+0x702f2c]
V  [jvm.dll+0x3587d9]
V  [jvm.dll+0x6e4fae]
V  [jvm.dll+0x3c0be3]
V  [jvm.dll+0x3c2e91]
C  [jli.dll+0x5373]
C  [ucrtbase.dll+0x21bb2]
C  [KERNEL32.DLL+0x17034]
C  [ntdll.dll+0x52651]


---------------  P R O C E S S  ---------------

Threads class SMR info:
_java_thread_list=0x000001e113abf6a0, length=0, elements={
}

Java Threads: ( => current thread )

Other Threads:
  0x000001e115c13000 GCTaskThread "GC Thread#0" [stack: 0x0000008757500000,0x0000008757600000] [id=8380]
  0x000001e115c6e800 ConcurrentGCThread "G1 Main Marker" [stack: 0x0000008757600000,0x0000008757700000] [id=16588]
  0x000001e115c74000 ConcurrentGCThread "G1 Conc#0" [stack: 0x0000008757700000,0x0000008757800000] [id=6716]

[error occurred during error reporting (printing all threads), id 0xc0000005, EXCEPTION_ACCESS_VIOLATION (0xc0000005) at pc=0x00007ffbe58e9107]

VM state:not at safepoint (not fully initialized)

VM Mutex/Monitor currently owned by a thread:  ([mutex/lock_event])
[0x000001e115bf4f20] Heap_lock - owner thread: 0x000001e115bfa000

Heap address: 0x0000000703800000, size: 4040 MB, Compressed Oops mode: Non-zero based: 0x0000000703800000
Narrow klass base: 0x0000000000000000, Narrow klass shift: 0

GC Heap History (0 events):
No events

Deoptimization events (0 events):
No events

Classes redefined (0 events):
No events

Internal exceptions (0 events):
No events

Events (1 events):
Event: 0.008 Loaded shared library D:\dev\Android\jre\bin\zip.dll


Dynamic libraries:
0x00007ff7f1430000 - 0x00007ff7f143a000 	D:\dev\Android\jre\bin\java.exe
0x00007ffc46b30000 - 0x00007ffc46d25000 	C:\Windows\SYSTEM32\ntdll.dll
0x00007ffc46250000 - 0x00007ffc4630e000 	C:\Windows\System32\KERNEL32.DLL
0x00007ffc448a0000 - 0x00007ffc44b68000 	C:\Windows\System32\KERNELBASE.dll
0x00007ffc44450000 - 0x00007ffc44550000 	C:\Windows\System32\ucrtbase.dll
0x00007ffc298f0000 - 0x00007ffc29907000 	D:\dev\Android\jre\bin\VCRUNTIME140.dll
0x00007ffc272f0000 - 0x00007ffc27309000 	D:\dev\Android\jre\bin\jli.dll
0x00007ffc46540000 - 0x00007ffc466e1000 	C:\Windows\System32\USER32.dll
0x00007ffc44320000 - 0x00007ffc44342000 	C:\Windows\System32\win32u.dll
0x00007ffc2ea00000 - 0x00007ffc2ec9a000 	C:\Windows\WinSxS\amd64_microsoft.windows.common-controls_6595b64144ccf1df_6.0.19041.1110_none_60b5254171f9507e\COMCTL32.dll
0x00007ffc46310000 - 0x00007ffc4633b000 	C:\Windows\System32\GDI32.dll
0x00007ffc461b0000 - 0x00007ffc4624e000 	C:\Windows\System32\msvcrt.dll
0x00007ffc44550000 - 0x00007ffc4465d000 	C:\Windows\System32\gdi32full.dll
0x00007ffc443b0000 - 0x00007ffc4444d000 	C:\Windows\System32\msvcp_win.dll
0x00007ffc469f0000 - 0x00007ffc46a20000 	C:\Windows\System32\IMM32.DLL
0x00007ffc0d650000 - 0x00007ffc0d6ed000 	D:\dev\Android\jre\bin\msvcp140.dll
0x00007ffbe5600000 - 0x00007ffbe60cf000 	D:\dev\Android\jre\bin\server\jvm.dll
0x00007ffc44d00000 - 0x00007ffc44dac000 	C:\Windows\System32\ADVAPI32.dll
0x00007ffc46340000 - 0x00007ffc463db000 	C:\Windows\System32\sechost.dll
0x00007ffc44db0000 - 0x00007ffc44eda000 	C:\Windows\System32\RPCRT4.dll
0x00007ffc46400000 - 0x00007ffc46408000 	C:\Windows\System32\PSAPI.DLL
0x00007ffc3d360000 - 0x00007ffc3d369000 	C:\Windows\SYSTEM32\WSOCK32.dll
0x00007ffc21360000 - 0x00007ffc21387000 	C:\Windows\SYSTEM32\WINMM.dll
0x00007ffc3bbc0000 - 0x00007ffc3bbca000 	C:\Windows\SYSTEM32\VERSION.dll
0x00007ffc46a80000 - 0x00007ffc46aeb000 	C:\Windows\System32\WS2_32.dll
0x00007ffc420d0000 - 0x00007ffc420e2000 	C:\Windows\SYSTEM32\kernel.appcore.dll
0x00007ffc3c840000 - 0x00007ffc3c851000 	D:\dev\Android\jre\bin\verify.dll
0x00007ffc3ac10000 - 0x00007ffc3adf4000 	C:\Windows\SYSTEM32\DBGHELP.DLL
0x00007ffc28c80000 - 0x00007ffc28cac000 	C:\Windows\SYSTEM32\dbgcore.DLL
0x00007ffc447c0000 - 0x00007ffc44843000 	C:\Windows\System32\bcryptPrimitives.dll
0x00007ffc2d5f0000 - 0x00007ffc2d619000 	D:\dev\Android\jre\bin\java.dll
0x00007ffc3d350000 - 0x00007ffc3d35b000 	D:\dev\Android\jre\bin\jimage.dll
0x00007ffc3c680000 - 0x00007ffc3c698000 	D:\dev\Android\jre\bin\zip.dll

dbghelp: loaded successfully - version: 4.0.5 - missing functions: none
symbol engine: initialized successfully - sym options: 0x614 - pdb path: .;D:\dev\Android\jre\bin;C:\Windows\SYSTEM32;C:\Windows\WinSxS\amd64_microsoft.windows.common-controls_6595b64144ccf1df_6.0.19041.1110_none_60b5254171f9507e;D:\dev\Android\jre\bin\server

VM Arguments:
java_command: org.jetbrains.git4idea.http.GitAskPassApp Username for 'https://github.com': 
java_class_path (initial): D:/dev/Android/plugins/git4idea/lib/git4idea-rt.jar;D:/dev/Android/lib/xmlrpc-2.0.1.jar;D:/dev/Android/lib/commons-codec-1.14.jar
Launcher Type: SUN_STANDARD

[Global flags]
     intx CICompilerCount                          = 4                                         {product} {ergonomic}
     uint ConcGCThreads                            = 2                                         {product} {ergonomic}
     uint G1ConcRefinementThreads                  = 8                                         {product} {ergonomic}
   size_t G1HeapRegionSize                         = 1048576                                   {product} {ergonomic}
    uintx GCDrainStackTargetSize                   = 64                                        {product} {ergonomic}
   size_t InitialHeapSize                          = 266338304                                 {product} {ergonomic}
   size_t MarkStackSize                            = 4194304                                   {product} {ergonomic}
   size_t MaxHeapSize                              = 4236247040                                {product} {ergonomic}
   size_t MinHeapDeltaBytes                        = 1048576                                   {product} {ergonomic}
    uintx NonNMethodCodeHeapSize                   = 5836300                                {pd product} {ergonomic}
    uintx NonProfiledCodeHeapSize                  = 122910970                              {pd product} {ergonomic}
    uintx ProfiledCodeHeapSize                     = 122910970                              {pd product} {ergonomic}
    uintx ReservedCodeCacheSize                    = 251658240                              {pd product} {ergonomic}
     bool SegmentedCodeCache                       = true                                      {product} {ergonomic}
     bool UseCompressedClassPointers               = true                                 {lp64_product} {ergonomic}
     bool UseCompressedOops                        = true                                 {lp64_product} {ergonomic}
     bool UseG1GC                                  = true                                      {product} {ergonomic}
     bool UseLargePagesIndividualAllocation        = false                                  {pd product} {ergonomic}

Logging:
Log output configuration:
 #0: stdout all=warning uptime,level,tags
 #1: stderr all=off uptime,level,tags

Environment Variables:
JAVA_HOME=D:\dev\java\
PATH=D:\dev\Git\mingw64\libexec\git-core;D:\dev\Git\mingw64\libexec\git-core;D:\dev\Git\mingw64\bin;D:\dev\Git\usr\bin;C:\Users\Yuki\bin;D:\dev\java\bin;C:\Program Files\Microsoft\jdk-11.0.12.7-hotspot\bin;D:\dev\python\Scripts;D:\dev\python;C:\Program Files\Common Files\Oracle\Java\javapath;C:\Windows\system32;C:\Windows;C:\Windows\System32\Wbem;C:\Windows\System32\WindowsPowerShell\v1.0;C:\Windows\System32\OpenSSH;C:\Program Files (x86)\NVIDIA Corporation\PhysX\Common;C:\Users\saigy\AppData\Local\Microsoft\WindowsApps;C:\Users\saigy\.dotnet\tools;D:\dev\Git\cmd;C:\Program Files\MySQL\MySQL Server 8.0\bin;D:\dev\MinGw\mingw64\bin;D:\dev\nodejs;C:\Program Files\dotnet;D:\dev\AndroidSDK\platform-tools;D:\Program Files\Bandizip;C:\Program Files\MySQL\MySQL Shell 8.0\bin;C:\Users\Yuki\AppData\Local\Microsoft\WindowsApps;C:\Users\Yuki\.dotnet\tools;D:\develop\Microsoft VS Code\bin;D:\dev\IntelliJ IDEA Community Edition 2021.1.1\bin;C:\Users\Yuki\AppData\Local\atom\bin;C:\Users\Yuki\.dotnet\tools;C:\Users\Yuki\AppData\Roaming\npm;D:\dev\PyCharm 2021.3\bin
USERNAME=Yuki
DISPLAY=:0.0
LC_ALL=en_US.UTF-8
OS=Windows_NT
PROCESSOR_IDENTIFIER=Intel64 Family 6 Model 158 Stepping 10, GenuineIntel



---------------  S Y S T E M  ---------------

OS: Windows 10 , 64 bit Build 19041 (10.0.19041.1348)
OS uptime: 1 days 3:02 hours
Hyper-V role detected

CPU:total 8 (initial active 8) (4 cores per cpu, 2 threads per core) family 6 model 158 stepping 10 microcode 0xea, cmov, cx8, fxsr, mmx, sse, sse2, sse3, ssse3, sse4.1, sse4.2, popcnt, avx, avx2, aes, clmul, erms, 3dnowpref, lzcnt, ht, tsc, tscinvbit, bmi1, bmi2, adx, fma

Memory: 4k page, system-wide physical 16152M (792M free)
TotalPageFile size 35352M (AvailPageFile size 20M)
current process WorkingSet (physical memory assigned to process): 10M, peak: 10M
current process commit charge ("private bytes"): 60M, peak: 314M

vm_info: OpenJDK 64-Bit Server VM (11.0.10+0-b96-7249189) for windows-amd64 JRE (11.0.10+0-b96-7249189), built on Mar 31 2021 21:44:00 by "builder" with MS VC++ 14.0 (VS2015)

END.
